TN:
SF:packages\cli\src\index.ts
FN:8,runCli
FN:149,main
FNF:2
FNH:2
FNDA:14,runCli
FNDA:1,main
DA:1,1
DA:8,14
DA:9,14
DA:10,14
DA:11,14
DA:12,14
DA:13,14
DA:14,14
DA:15,14
DA:16,14
DA:17,1
DA:18,1
DA:19,1
DA:20,1
DA:21,1
DA:22,1
DA:23,1
DA:24,1
DA:25,1
DA:26,1
DA:27,1
DA:28,1
DA:29,1
DA:30,1
DA:31,1
DA:32,1
DA:33,1
DA:34,1
DA:35,1
DA:36,1
DA:37,1
DA:38,14
DA:39,6
DA:40,6
DA:41,14
DA:42,0
DA:43,0
DA:44,14
DA:45,0
DA:46,0
DA:47,14
DA:48,0
DA:49,0
DA:50,14
DA:51,0
DA:52,0
DA:53,14
DA:54,1
DA:55,1
DA:56,0
DA:57,0
DA:58,0
DA:59,1
DA:60,1
DA:61,1
DA:62,14
DA:63,1
DA:64,1
DA:65,1
DA:66,1
DA:67,1
DA:68,1
DA:69,0
DA:70,1
DA:71,1
DA:72,1
DA:73,1
DA:74,1
DA:75,1
DA:76,1
DA:77,1
DA:78,1
DA:79,1
DA:80,1
DA:81,1
DA:82,1
DA:83,14
DA:84,0
DA:85,0
DA:86,0
DA:87,0
DA:88,0
DA:89,0
DA:90,0
DA:91,14
DA:92,0
DA:93,0
DA:94,0
DA:95,0
DA:96,0
DA:97,0
DA:98,0
DA:99,14
DA:100,3
DA:101,3
DA:102,0
DA:103,0
DA:104,0
DA:105,3
DA:106,3
DA:107,3
DA:108,3
DA:109,3
DA:110,3
DA:111,3
DA:112,3
DA:113,3
DA:114,3
DA:115,3
DA:116,3
DA:117,3
DA:118,1
DA:119,1
DA:120,1
DA:121,1
DA:122,1
DA:123,1
DA:124,1
DA:125,1
DA:126,0
DA:127,3
DA:128,3
DA:129,2
DA:130,0
DA:131,0
DA:132,0
DA:133,0
DA:134,0
DA:135,0
DA:136,0
DA:137,2
DA:138,3
DA:139,3
DA:140,2
DA:141,2
DA:142,14
DA:143,2
DA:144,2
DA:145,2
DA:146,14
DA:147,14
DA:149,1
DA:150,1
DA:151,1
DA:153,1
LF:145
LH:108
BRDA:8,0,0,14
BRDA:16,1,0,1
BRDA:20,2,0,0
BRDA:22,3,0,0
BRDA:26,4,0,0
BRDA:28,5,0,0
BRDA:29,6,0,0
BRDA:38,7,0,6
BRDA:41,8,0,0
BRDA:44,9,0,0
BRDA:47,10,0,0
BRDA:50,11,0,0
BRDA:53,12,0,1
BRDA:55,13,0,0
BRDA:62,14,0,1
BRDA:66,15,0,0
BRDA:68,16,0,0
BRDA:72,17,0,0
BRDA:83,18,0,0
BRDA:91,19,0,0
BRDA:99,20,0,3
BRDA:101,21,0,0
BRDA:106,22,0,1
BRDA:106,23,0,1
BRDA:106,24,0,2
BRDA:139,25,0,2
BRDA:142,26,0,2
BRDA:64,27,0,1
BRDA:116,28,0,3
BRDA:117,29,0,1
BRDA:125,30,0,0
BRDA:128,31,0,2
BRDA:129,32,0,0
BRDA:129,33,0,0
BRDA:149,34,0,1
BRF:35
BRH:16
end_of_record
TN:
SF:packages\cli\src\shim.ts
FN:27,fileExists
FN:36,resolveOpencodePathFromEnv
FN:45,buildWindowsShimScript
FN:71,resolveOpencodeFromPath
FN:88,collectShimDiagnostics
FN:111,installOpencodeShim
FN:158,uninstallOpencodeShim
FNF:7
FNH:7
FNDA:10,fileExists
FNDA:5,resolveOpencodePathFromEnv
FNDA:2,buildWindowsShimScript
FNDA:1,resolveOpencodeFromPath
FNDA:1,collectShimDiagnostics
FNDA:3,installOpencodeShim
FNDA:1,uninstallOpencodeShim
DA:1,1
DA:6,1
DA:27,10
DA:28,10
DA:29,10
DA:30,8
DA:31,10
DA:32,2
DA:33,2
DA:34,10
DA:36,5
DA:37,5
DA:38,5
DA:39,1
DA:40,1
DA:41,1
DA:42,0
DA:43,0
DA:45,2
DA:46,2
DA:47,2
DA:48,2
DA:49,2
DA:50,2
DA:51,2
DA:52,2
DA:53,2
DA:54,2
DA:55,2
DA:56,2
DA:57,2
DA:58,2
DA:59,2
DA:60,2
DA:61,2
DA:62,2
DA:63,2
DA:64,2
DA:65,2
DA:66,2
DA:67,2
DA:68,2
DA:69,2
DA:71,1
DA:72,1
DA:73,1
DA:74,1
DA:75,1
DA:76,1
DA:77,1
DA:78,1
DA:79,1
DA:80,1
DA:81,1
DA:82,1
DA:83,1
DA:84,1
DA:85,0
DA:86,0
DA:88,1
DA:89,1
DA:90,1
DA:91,1
DA:92,1
DA:93,1
DA:94,1
DA:95,1
DA:96,0
DA:98,1
DA:99,1
DA:100,1
DA:101,1
DA:102,1
DA:103,1
DA:104,1
DA:105,1
DA:106,1
DA:107,1
DA:108,1
DA:109,1
DA:111,3
DA:112,3
DA:113,3
DA:114,3
DA:115,3
DA:116,0
DA:117,0
DA:118,0
DA:119,0
DA:120,0
DA:121,0
DA:123,3
DA:124,3
DA:126,3
DA:127,0
DA:128,0
DA:129,0
DA:130,0
DA:131,0
DA:133,3
DA:134,3
DA:135,0
DA:136,0
DA:138,3
DA:139,1
DA:140,1
DA:141,1
DA:142,1
DA:144,1
DA:145,1
DA:147,2
DA:148,2
DA:150,2
DA:151,2
DA:152,2
DA:153,2
DA:155,2
DA:156,2
DA:158,1
DA:159,1
DA:160,1
DA:161,1
DA:162,1
DA:163,0
DA:164,0
DA:165,0
DA:166,0
DA:167,0
DA:169,1
DA:170,1
DA:172,1
DA:173,0
DA:174,0
DA:175,0
DA:176,0
DA:177,0
DA:179,1
DA:180,1
DA:181,0
DA:182,0
DA:183,0
DA:184,0
DA:185,0
DA:186,0
DA:188,1
DA:189,1
DA:191,1
DA:192,1
DA:193,1
DA:194,1
DA:195,1
LF:151
LH:117
BRDA:27,0,0,10
BRDA:29,1,0,8
BRDA:31,2,0,2
BRDA:36,3,0,5
BRDA:38,4,0,4
BRDA:38,5,0,4
BRDA:38,6,0,1
BRDA:40,7,0,0
BRDA:41,8,0,0
BRDA:45,9,0,2
BRDA:71,10,0,1
BRDA:78,11,0,0
BRDA:83,12,0,0
BRDA:84,13,0,0
BRDA:81,14,0,3
BRDA:82,15,0,1
BRDA:88,16,0,1
BRDA:95,17,0,0
BRDA:104,18,0,0
BRDA:111,19,0,3
BRDA:115,20,0,0
BRDA:126,21,0,0
BRDA:134,22,0,0
BRDA:138,23,0,1
BRDA:145,24,0,2
BRDA:158,25,0,1
BRDA:162,26,0,0
BRDA:172,27,0,0
BRDA:179,28,0,0
BRDA:180,29,0,0
BRF:30
BRH:16
end_of_record
TN:
SF:packages\core\src\index.ts
FNF:0
FNH:0
DA:1,1
DA:2,1
DA:3,1
DA:4,1
DA:5,1
DA:6,1
LF:6
LH:6
BRF:0
BRH:0
end_of_record
TN:
SF:packages\core\src\paths.ts
FN:5,resolveBaseRoot
FN:10,resolveProfileDataRoot
FN:17,resolveRegistryPath
FNF:3
FNH:3
FNDA:20,resolveBaseRoot
FNDA:6,resolveProfileDataRoot
FNDA:14,resolveRegistryPath
DA:1,1
DA:5,1
DA:6,20
DA:7,20
DA:8,20
DA:10,1
DA:11,6
DA:12,6
DA:13,6
DA:14,6
DA:15,6
DA:17,1
DA:18,14
DA:19,14
LF:14
LH:14
BRDA:5,0,0,20
BRDA:7,1,0,1
BRDA:10,2,0,6
BRDA:17,3,0,14
BRF:4
BRH:4
end_of_record
TN:
SF:packages\core\src\registry-store.ts
FN:8,<instance_members_initializer>
FN:8,RegistryStore
FN:10,read
FN:22,write
FNF:4
FNH:4
FNDA:14,<instance_members_initializer>
FNDA:14,RegistryStore
FNDA:12,read
FNDA:6,write
DA:1,1
DA:5,1
DA:7,1
DA:8,1
DA:10,1
DA:11,12
DA:12,12
DA:13,5
DA:14,12
DA:15,5
DA:16,5
DA:17,12
DA:18,7
DA:19,7
DA:20,12
DA:22,1
DA:23,6
DA:24,6
DA:25,6
DA:26,6
DA:27,6
LF:21
LH:21
BRDA:8,0,0,14
BRDA:8,1,0,14
BRDA:10,2,0,12
BRDA:12,3,0,5
BRDA:14,4,0,0
BRDA:14,5,0,5
BRDA:17,6,0,7
BRDA:22,7,0,6
BRF:8
BRH:7
end_of_record
TN:
SF:packages\core\src\restart-controller.ts
FN:9,canRestart
FN:13,restart
FNF:2
FNH:0
FNDA:0,canRestart
FNDA:0,restart
DA:8,1
DA:9,1
DA:10,0
DA:11,0
DA:13,1
DA:14,0
DA:15,0
LF:7
LH:3
BRF:0
BRH:0
end_of_record
TN:
SF:packages\core\src\service.ts
FN:18,<instance_members_initializer>
FN:17,ProfileService
FN:23,createProfile
FN:46,listProfiles
FN:53,selectProfile
FN:79,resolveRuntimeBinding
FN:117,renameProfile
FN:130,softDeleteProfile
FN:144,toView
FNF:9
FNH:6
FNDA:14,<instance_members_initializer>
FNDA:14,ProfileService
FNDA:6,createProfile
FNDA:2,listProfiles
FNDA:0,selectProfile
FNDA:4,resolveRuntimeBinding
FNDA:0,renameProfile
FNDA:0,softDeleteProfile
FNDA:7,toView
DA:1,1
DA:16,1
DA:17,1
DA:18,14
DA:19,14
DA:20,14
DA:21,14
DA:23,1
DA:24,6
DA:25,6
DA:26,6
DA:27,6
DA:29,6
DA:30,6
DA:31,6
DA:32,6
DA:33,6
DA:34,6
DA:35,6
DA:36,6
DA:37,6
DA:38,6
DA:39,6
DA:40,6
DA:41,6
DA:42,6
DA:43,6
DA:44,6
DA:46,1
DA:47,2
DA:48,2
DA:49,2
DA:50,2
DA:51,2
DA:53,1
DA:54,0
DA:55,0
DA:56,0
DA:58,0
DA:60,0
DA:61,0
DA:62,0
DA:63,0
DA:64,0
DA:65,0
DA:66,0
DA:68,0
DA:69,0
DA:70,0
DA:71,0
DA:72,0
DA:73,0
DA:74,0
DA:75,0
DA:76,0
DA:77,0
DA:79,1
DA:80,4
DA:81,4
DA:82,4
DA:83,4
DA:84,4
DA:86,4
DA:88,4
DA:89,4
DA:90,4
DA:91,4
DA:92,4
DA:94,4
DA:95,4
DA:96,4
DA:97,4
DA:98,4
DA:99,4
DA:100,4
DA:101,4
DA:102,4
DA:103,4
DA:105,4
DA:106,4
DA:107,4
DA:108,4
DA:110,4
DA:111,4
DA:112,4
DA:113,4
DA:114,4
DA:115,4
DA:117,1
DA:118,0
DA:119,0
DA:120,0
DA:121,0
DA:122,0
DA:123,0
DA:124,0
DA:125,0
DA:126,0
DA:127,0
DA:128,0
DA:130,1
DA:131,0
DA:132,0
DA:133,0
DA:134,0
DA:135,0
DA:136,0
DA:137,0
DA:138,0
DA:139,0
DA:140,0
DA:141,0
DA:142,0
DA:144,1
DA:145,7
DA:146,7
DA:147,7
DA:148,7
DA:149,7
DA:150,7
DA:151,7
LF:121
LH:77
BRDA:18,0,0,14
BRDA:17,1,0,14
BRDA:23,2,0,6
BRDA:35,3,0,0
BRDA:46,4,0,2
BRDA:49,5,0,1
BRDA:50,6,0,1
BRDA:79,7,0,4
BRDA:82,8,0,0
BRDA:84,9,0,0
BRDA:83,10,0,4
BRDA:144,11,0,7
BRF:12
BRH:9
end_of_record
TN:
SF:packages\core\src\types.ts
FNF:0
FNH:0
DA:43,1
DA:44,1
LF:2
LH:2
BRF:0
BRH:0
end_of_record
TN:
SF:packages\core\src\validation.ts
FN:7,validateId
FN:13,validateLabel
FN:19,assertUnique
FN:26,assertPathUnderBase
FNF:4
FNH:4
FNDA:6,validateId
FNDA:6,validateLabel
FNDA:6,assertUnique
FNDA:6,assertPathUnderBase
DA:1,1
DA:4,1
DA:5,1
DA:7,1
DA:8,6
DA:9,0
DA:10,0
DA:11,6
DA:13,1
DA:14,6
DA:15,0
DA:16,0
DA:17,6
DA:19,1
DA:20,6
DA:21,6
DA:22,0
DA:23,0
DA:24,6
DA:26,1
DA:27,6
DA:28,6
DA:29,0
DA:30,0
DA:31,6
LF:25
LH:17
BRDA:7,0,0,6
BRDA:8,1,0,0
BRDA:13,2,0,6
BRDA:14,3,0,0
BRDA:19,4,0,6
BRDA:21,5,0,0
BRDA:26,6,0,6
BRDA:28,7,0,0
BRF:8
BRH:4
end_of_record
TN:
SF:packages\opencode-plugin\src\index.ts
FN:1,(empty-report)
FNF:1
FNH:0
FNDA:0,(empty-report)
DA:1,0
DA:24,0
DA:25,0
DA:26,0
DA:27,0
DA:28,0
DA:29,0
DA:31,0
DA:32,0
DA:33,0
DA:35,0
DA:36,0
DA:37,0
DA:38,0
DA:39,0
DA:40,0
DA:41,0
DA:43,0
DA:44,0
DA:46,0
DA:47,0
DA:48,0
DA:49,0
DA:50,0
DA:51,0
DA:52,0
DA:54,0
DA:55,0
DA:56,0
DA:57,0
DA:58,0
DA:59,0
DA:60,0
DA:61,0
DA:62,0
DA:63,0
DA:64,0
DA:65,0
DA:66,0
DA:67,0
DA:68,0
DA:69,0
DA:70,0
DA:71,0
DA:72,0
DA:73,0
DA:74,0
DA:75,0
DA:76,0
DA:77,0
DA:78,0
DA:79,0
DA:80,0
DA:81,0
DA:82,0
DA:84,0
DA:85,0
DA:86,0
DA:87,0
DA:88,0
DA:89,0
DA:90,0
DA:91,0
DA:92,0
DA:93,0
DA:94,0
DA:96,0
DA:97,0
DA:98,0
DA:99,0
DA:100,0
DA:101,0
DA:102,0
DA:103,0
DA:104,0
DA:105,0
DA:106,0
DA:107,0
DA:109,0
DA:110,0
DA:111,0
DA:112,0
DA:113,0
DA:114,0
DA:115,0
DA:116,0
DA:117,0
DA:118,0
DA:119,0
DA:121,0
DA:122,0
DA:123,0
DA:124,0
DA:125,0
DA:126,0
DA:127,0
DA:128,0
DA:129,0
DA:130,0
DA:131,0
DA:132,0
DA:133,0
DA:134,0
DA:135,0
DA:136,0
DA:137,0
DA:138,0
DA:139,0
DA:140,0
DA:141,0
DA:143,0
DA:144,0
DA:145,0
DA:146,0
DA:147,0
DA:148,0
DA:149,0
DA:150,0
DA:151,0
DA:152,0
DA:153,0
DA:154,0
DA:155,0
DA:156,0
DA:157,0
DA:158,0
DA:160,0
DA:161,0
DA:162,0
DA:163,0
DA:164,0
DA:165,0
DA:166,0
DA:167,0
DA:168,0
DA:169,0
DA:170,0
DA:171,0
DA:172,0
DA:173,0
DA:174,0
DA:176,0
DA:177,0
DA:178,0
DA:179,0
DA:180,0
DA:181,0
DA:182,0
DA:183,0
DA:184,0
DA:185,0
DA:186,0
DA:187,0
DA:188,0
DA:189,0
DA:190,0
DA:191,0
DA:192,0
DA:193,0
DA:194,0
DA:195,0
DA:196,0
DA:197,0
DA:198,0
DA:199,0
DA:200,0
DA:201,0
DA:203,0
DA:204,0
DA:205,0
DA:206,0
DA:208,0
LF:172
LH:0
BRDA:1,0,0,0
BRF:1
BRH:0
end_of_record
TN:
SF:packages\opencode-plugin\src\tui.tsx
FN:1,(empty-report)
FNF:1
FNH:0
FNDA:0,(empty-report)
DA:1,0
DA:9,0
DA:12,0
DA:14,0
DA:15,0
DA:16,0
DA:17,0
DA:18,0
DA:19,0
DA:20,0
DA:22,0
DA:23,0
DA:25,0
DA:26,0
DA:27,0
DA:29,0
DA:30,0
DA:31,0
DA:32,0
DA:33,0
DA:34,0
DA:35,0
DA:36,0
DA:37,0
DA:38,0
DA:39,0
DA:40,0
DA:41,0
DA:42,0
DA:44,0
DA:45,0
DA:46,0
DA:47,0
DA:48,0
DA:49,0
DA:50,0
DA:51,0
DA:52,0
DA:53,0
DA:54,0
DA:55,0
DA:56,0
DA:57,0
DA:58,0
DA:59,0
DA:60,0
DA:61,0
DA:62,0
DA:63,0
DA:64,0
DA:65,0
DA:67,0
DA:68,0
DA:69,0
DA:70,0
DA:71,0
DA:72,0
DA:73,0
DA:74,0
DA:75,0
DA:76,0
DA:77,0
DA:78,0
DA:79,0
DA:80,0
DA:82,0
DA:83,0
DA:84,0
DA:85,0
DA:87,0
DA:88,0
DA:89,0
DA:90,0
DA:91,0
DA:92,0
DA:93,0
DA:94,0
DA:95,0
DA:96,0
DA:97,0
DA:98,0
DA:99,0
DA:101,0
DA:102,0
DA:103,0
DA:104,0
DA:105,0
DA:106,0
DA:107,0
DA:108,0
DA:109,0
DA:110,0
DA:111,0
DA:113,0
DA:114,0
DA:115,0
DA:116,0
DA:117,0
DA:118,0
DA:119,0
DA:120,0
DA:121,0
DA:122,0
DA:123,0
DA:124,0
DA:125,0
DA:126,0
DA:127,0
DA:128,0
DA:129,0
DA:130,0
DA:131,0
DA:132,0
DA:133,0
DA:134,0
DA:136,0
DA:137,0
DA:138,0
DA:139,0
DA:140,0
DA:141,0
DA:142,0
DA:144,0
DA:145,0
DA:147,0
DA:148,0
DA:149,0
DA:150,0
DA:151,0
DA:152,0
DA:153,0
DA:154,0
DA:155,0
DA:156,0
DA:157,0
DA:158,0
DA:159,0
DA:160,0
DA:161,0
DA:162,0
DA:163,0
DA:164,0
DA:165,0
DA:166,0
DA:167,0
DA:169,0
DA:170,0
DA:171,0
DA:172,0
DA:173,0
DA:174,0
DA:175,0
DA:177,0
DA:178,0
DA:179,0
DA:180,0
DA:181,0
DA:182,0
DA:183,0
DA:184,0
DA:185,0
DA:186,0
DA:187,0
DA:188,0
DA:189,0
DA:190,0
DA:191,0
DA:192,0
DA:193,0
DA:194,0
DA:195,0
DA:196,0
DA:197,0
DA:198,0
DA:199,0
DA:200,0
DA:201,0
DA:202,0
DA:203,0
DA:204,0
DA:205,0
DA:206,0
DA:207,0
DA:208,0
DA:209,0
DA:210,0
DA:211,0
DA:212,0
DA:213,0
DA:214,0
DA:215,0
DA:216,0
DA:217,0
DA:218,0
DA:219,0
DA:220,0
DA:221,0
DA:222,0
DA:223,0
DA:224,0
DA:225,0
DA:226,0
DA:227,0
DA:228,0
DA:229,0
DA:230,0
DA:231,0
DA:232,0
DA:233,0
DA:234,0
DA:235,0
DA:236,0
DA:237,0
DA:238,0
DA:240,0
DA:241,0
DA:242,0
DA:243,0
DA:244,0
DA:245,0
DA:246,0
DA:247,0
DA:248,0
DA:249,0
DA:251,0
DA:253,0
LF:226
LH:0
BRDA:1,0,0,0
BRF:1
BRH:0
end_of_record
