TN:
SF:packages\cli\src\index.ts
FN:4,runCli
FN:28,main
FNF:2
FNH:2
FNDA:3,runCli
FNDA:1,main
DA:1,1
DA:4,3
DA:5,3
DA:6,3
DA:7,3
DA:8,3
DA:9,1
DA:10,1
DA:11,3
DA:12,0
DA:13,0
DA:14,3
DA:15,0
DA:16,0
DA:17,3
DA:18,0
DA:19,0
DA:20,3
DA:21,0
DA:22,0
DA:23,3
DA:24,2
DA:25,3
DA:26,3
DA:28,1
DA:29,1
DA:30,1
DA:32,1
LF:28
LH:20
BRDA:4,0,0,3
BRDA:8,1,0,1
BRDA:11,2,0,0
BRDA:14,3,0,0
BRDA:17,4,0,0
BRDA:20,5,0,0
BRDA:23,6,0,2
BRDA:28,7,0,1
BRF:8
BRH:4
end_of_record
TN:
SF:packages\core\src\index.ts
FNF:0
FNH:0
DA:1,1
DA:2,1
DA:3,1
DA:4,1
DA:5,1
DA:6,1
LF:6
LH:6
BRF:0
BRH:0
end_of_record
TN:
SF:packages\core\src\paths.ts
FN:5,resolveBaseRoot
FN:10,resolveProfileDataRoot
FN:17,resolveRegistryPath
FNF:3
FNH:3
FNDA:38,resolveBaseRoot
FNDA:22,resolveProfileDataRoot
FNDA:15,resolveRegistryPath
DA:1,1
DA:5,1
DA:6,38
DA:7,38
DA:8,38
DA:10,1
DA:11,22
DA:12,22
DA:13,22
DA:14,22
DA:15,22
DA:17,1
DA:18,15
DA:19,15
LF:14
LH:14
BRDA:5,0,0,38
BRDA:7,1,0,3
BRDA:10,2,0,22
BRDA:17,3,0,15
BRF:4
BRH:4
end_of_record
TN:
SF:packages\core\src\registry-store.ts
FN:8,<instance_members_initializer>
FN:8,RegistryStore
FN:10,read
FN:22,write
FNF:4
FNH:4
FNDA:15,<instance_members_initializer>
FNDA:15,RegistryStore
FNDA:34,read
FNDA:27,write
DA:1,1
DA:5,1
DA:7,1
DA:8,1
DA:10,1
DA:11,34
DA:12,34
DA:13,23
DA:14,34
DA:15,23
DA:16,23
DA:17,34
DA:18,11
DA:19,11
DA:20,34
DA:22,1
DA:23,27
DA:24,27
DA:25,27
DA:26,27
DA:27,27
LF:21
LH:21
BRDA:8,0,0,15
BRDA:8,1,0,15
BRDA:10,2,0,34
BRDA:12,3,0,23
BRDA:14,4,0,33
BRDA:14,5,0,0
BRDA:14,6,0,23
BRDA:17,7,0,11
BRDA:15,8,0,13
BRDA:22,9,0,27
BRF:10
BRH:9
end_of_record
TN:
SF:packages\core\src\restart-controller.ts
FN:9,canRestart
FN:13,restart
FNF:2
FNH:1
FNDA:3,canRestart
FNDA:0,restart
DA:8,1
DA:9,1
DA:10,3
DA:11,3
DA:13,1
DA:14,0
DA:15,0
LF:7
LH:5
BRDA:9,0,0,3
BRF:1
BRH:1
end_of_record
TN:
SF:packages\core\src\service.ts
FN:16,<instance_members_initializer>
FN:15,ProfileService
FN:21,createProfile
FN:44,listProfiles
FN:51,selectProfile
FN:75,renameProfile
FN:88,softDeleteProfile
FN:102,toView
FNF:8
FNH:8
FNDA:15,<instance_members_initializer>
FNDA:15,ProfileService
FNDA:21,createProfile
FNDA:5,listProfiles
FNDA:6,selectProfile
FNDA:2,renameProfile
FNDA:3,softDeleteProfile
FNDA:26,toView
DA:1,1
DA:14,1
DA:15,1
DA:16,15
DA:17,15
DA:18,15
DA:19,15
DA:21,1
DA:22,21
DA:23,21
DA:24,21
DA:25,18
DA:27,18
DA:28,18
DA:29,18
DA:30,18
DA:31,18
DA:32,18
DA:33,21
DA:34,21
DA:35,21
DA:36,21
DA:37,21
DA:38,21
DA:39,21
DA:40,18
DA:41,18
DA:42,18
DA:44,1
DA:45,5
DA:46,5
DA:47,5
DA:48,5
DA:49,5
DA:51,1
DA:52,6
DA:53,6
DA:54,6
DA:56,5
DA:57,5
DA:58,10
DA:59,10
DA:60,10
DA:61,5
DA:62,5
DA:64,6
DA:65,2
DA:66,2
DA:67,1
DA:68,2
DA:69,1
DA:70,1
DA:71,2
DA:72,4
DA:73,4
DA:75,1
DA:76,2
DA:77,2
DA:78,2
DA:79,2
DA:80,2
DA:81,2
DA:82,2
DA:83,2
DA:84,2
DA:85,2
DA:86,2
DA:88,1
DA:89,3
DA:90,3
DA:91,1
DA:92,1
DA:93,2
DA:94,3
DA:95,2
DA:96,2
DA:97,2
DA:98,2
DA:99,2
DA:100,2
DA:102,1
DA:103,26
DA:104,26
DA:105,26
DA:106,26
DA:107,26
DA:108,26
DA:109,26
LF:88
LH:88
BRDA:16,0,0,15
BRDA:15,1,0,15
BRDA:21,2,0,21
BRDA:24,3,0,18
BRDA:33,4,0,8
BRDA:33,5,0,10
BRDA:39,6,0,10
BRDA:39,7,0,18
BRDA:44,8,0,5
BRDA:47,9,0,9
BRDA:48,10,0,8
BRDA:51,11,0,6
BRDA:54,12,0,5
BRDA:54,13,0,1
BRDA:64,14,0,2
BRDA:66,15,0,1
BRDA:68,16,0,1
BRDA:71,17,0,4
BRDA:53,18,0,10
BRDA:53,19,0,5
BRDA:57,20,0,10
BRDA:59,21,0,5
BRDA:59,22,0,5
BRDA:59,23,0,0
BRDA:75,24,0,2
BRDA:79,25,0,0
BRDA:81,26,0,0
BRDA:78,27,0,3
BRDA:78,28,0,1
BRDA:78,29,0,0
BRDA:80,30,0,3
BRDA:80,31,0,2
BRDA:88,32,0,3
BRDA:90,33,0,2
BRDA:90,34,0,1
BRDA:94,35,0,0
BRDA:94,36,0,2
BRDA:93,37,0,4
BRDA:93,38,0,2
BRDA:102,39,0,26
BRF:40
BRH:35
end_of_record
TN:
SF:packages\core\src\types.ts
FNF:0
FNH:0
DA:37,1
DA:38,1
LF:2
LH:2
BRF:0
BRH:0
end_of_record
TN:
SF:packages\core\src\validation.ts
FN:7,validateId
FN:13,validateLabel
FN:19,assertUnique
FN:26,assertPathUnderBase
FNF:4
FNH:4
FNDA:21,validateId
FNDA:21,validateLabel
FNDA:18,assertUnique
FNDA:22,assertPathUnderBase
DA:1,1
DA:4,1
DA:5,1
DA:7,1
DA:8,21
DA:9,2
DA:10,2
DA:11,21
DA:13,1
DA:14,21
DA:15,1
DA:16,1
DA:17,21
DA:19,1
DA:20,18
DA:21,18
DA:22,0
DA:23,0
DA:24,18
DA:26,1
DA:27,22
DA:28,22
DA:29,2
DA:30,2
DA:31,22
LF:25
LH:23
BRDA:7,0,0,21
BRDA:8,1,0,20
BRDA:8,2,0,19
BRDA:8,3,0,19
BRDA:8,4,0,2
BRDA:13,5,0,21
BRDA:14,6,0,1
BRDA:19,7,0,18
BRDA:21,8,0,0
BRDA:20,9,0,8
BRDA:26,10,0,22
BRDA:28,11,0,20
BRDA:28,12,0,2
BRF:13
BRH:12
end_of_record
TN:
SF:packages\opencode-plugin\src\index.ts
FN:14,toSafeMessage
FN:21,serializeToolResult
FN:25,runTool
FN:33,MultiProfileProviderPlugin
FN:45,tool.register
FN:56,execute
FN:63,execute
FN:80,execute
FN:100,execute
FN:116,execute
FN:127,execute
FNF:11
FNH:10
FNDA:0,toSafeMessage
FNDA:10,serializeToolResult
FNDA:10,runTool
FNDA:4,MultiProfileProviderPlugin
FNDA:4,tool.register
FNDA:4,execute
FNDA:1,execute
FNDA:2,execute
FNDA:1,execute
FNDA:1,execute
FNDA:1,execute
DA:1,1
DA:14,0
DA:15,0
DA:16,0
DA:17,0
DA:18,0
DA:19,0
DA:21,10
DA:22,10
DA:23,10
DA:25,10
DA:26,10
DA:27,10
DA:28,10
DA:29,0
DA:30,0
DA:31,10
DA:33,1
DA:34,4
DA:36,4
DA:37,4
DA:38,4
DA:39,4
DA:40,4
DA:42,4
DA:44,4
DA:45,4
DA:46,4
DA:47,4
DA:48,4
DA:49,4
DA:50,4
DA:51,4
DA:52,4
DA:53,4
DA:55,4
DA:56,4
DA:57,4
DA:59,4
DA:60,4
DA:61,4
DA:62,4
DA:63,4
DA:64,1
DA:65,1
DA:66,1
DA:67,1
DA:68,1
DA:69,4
DA:71,4
DA:72,4
DA:73,4
DA:74,4
DA:75,4
DA:76,4
DA:77,4
DA:79,4
DA:80,4
DA:81,2
DA:82,2
DA:83,2
DA:84,2
DA:85,2
DA:86,2
DA:87,2
DA:88,4
DA:90,4
DA:91,4
DA:92,4
DA:93,4
DA:94,4
DA:95,4
DA:96,4
DA:97,4
DA:99,4
DA:100,4
DA:101,1
DA:102,1
DA:103,1
DA:104,1
DA:105,4
DA:107,4
DA:108,4
DA:109,4
DA:110,4
DA:111,4
DA:112,4
DA:113,4
DA:115,4
DA:116,4
DA:117,1
DA:118,1
DA:119,1
DA:120,1
DA:121,4
DA:123,4
DA:124,4
DA:125,4
DA:126,4
DA:127,4
DA:128,1
DA:129,1
DA:130,1
DA:131,1
DA:132,1
DA:133,1
DA:134,1
DA:135,1
DA:137,1
DA:138,1
DA:139,4
DA:140,4
DA:141,4
DA:142,4
LF:114
LH:106
BRDA:21,0,0,10
BRDA:25,1,0,10
BRDA:28,2,0,0
BRDA:33,3,0,4
BRDA:45,4,0,4
BRDA:56,5,0,4
BRDA:56,6,0,4
BRDA:63,7,0,1
BRDA:64,8,0,1
BRDA:80,9,0,2
BRDA:81,10,0,2
BRDA:85,11,0,1
BRDA:85,12,0,1
BRDA:100,13,0,1
BRDA:101,14,0,1
BRDA:116,15,0,1
BRDA:117,16,0,1
BRDA:127,17,0,1
BRDA:128,18,0,1
BRDA:134,19,0,1
BRF:20
BRH:19
end_of_record
